<?xml version="1.0" encoding="UTF-8"?>
<!-- Generated by org.testng.reporters.JUnitReportReporter -->
<testsuite hostname="ZCHD-CQR-LOVISH-KAMRA" failures="0" tests="4" name="New_Project.SampleProject.TestCases" time="6.222" errors="0" timestamp="30 May 2022 05:24:20 GMT" skipped="0">
  <testcase classname="New_Project.SampleProject.TestCases" name="testFetchUser" time="3.591"/>
  <testcase classname="New_Project.SampleProject.TestCases" name="testSingleUser" time="0.531"/>
  <testcase classname="New_Project.SampleProject.TestCases" name="testCreateUser" time="1.521"/>
  <testcase classname="New_Project.SampleProject.TestCases" name="testLoginSuccessful" time="0.579"/>
</testsuite> <!-- New_Project.SampleProject.TestCases -->
