<?xml version="1.0" encoding="UTF-8"?>
<!-- Generated by org.testng.reporters.JUnitReportReporter -->
<testsuite hostname="ZCHD-CQR-LOVISH-KAMRA" failures="0" tests="4" name="New_Project.SampleProject.TestCases" time="6.418" errors="0" timestamp="26 May 2022 09:48:53 GMT" skipped="0">
  <testcase classname="New_Project.SampleProject.TestCases" name="testFetchUser" time="3.577"/>
  <testcase classname="New_Project.SampleProject.TestCases" name="testSingleUser" time="0.590"/>
  <testcase classname="New_Project.SampleProject.TestCases" name="testCreateUser" time="1.655"/>
  <testcase classname="New_Project.SampleProject.TestCases" name="testLoginSuccessful" time="0.596"/>
</testsuite> <!-- New_Project.SampleProject.TestCases -->
