<?xml version="1.0" encoding="UTF-8"?>
<!-- Generated by org.testng.reporters.JUnitReportReporter -->
<testsuite hostname="ZCHD-CQR-LOVISH-KAMRA" failures="0" tests="4" name="New_Project.SampleProject.TestCases" time="6.072" errors="0" timestamp="27 May 2022 09:14:39 GMT" skipped="0">
  <testcase classname="New_Project.SampleProject.TestCases" name="testFetchUser" time="3.591"/>
  <testcase classname="New_Project.SampleProject.TestCases" name="testSingleUser" time="0.596"/>
  <testcase classname="New_Project.SampleProject.TestCases" name="testCreateUser" time="1.295"/>
  <testcase classname="New_Project.SampleProject.TestCases" name="testLoginSuccessful" time="0.590"/>
</testsuite> <!-- New_Project.SampleProject.TestCases -->
